<?xml version="1.0" encoding="UTF-8"?>
<testsuite xmlns:xsi="http://www.w3.org/2001/XMLSchema-instance" xsi:noNamespaceSchemaLocation="https://maven.apache.org/surefire/maven-surefire-plugin/xsd/surefire-test-report-3.0.xsd" version="3.0" name="com.colorone.ColorStartApplicationTests" time="3.301" tests="1" errors="0" skipped="0" failures="0">
  <properties>
[...]
</properties>
  <testcase name="contextLoads" classname="com.colorone.ColorStartApplicationTests" time="0.89">
    <system-out><![CDATA[16:08:16.712 [main] INFO org.springframework.test.context.support.AnnotationConfigContextLoaderUtils -- Could not detect default configuration classes for test class [com.colorone.ColorStartApplicationTests]: ColorStartApplicationTests does not declare any static, non-private, non-final, nested classes annotated with @Configuration.
16:08:16.816 [main] INFO org.springframework.boot.test.context.SpringBootTestContextBootstrapper -- Found @SpringBootConfiguration com.colorone.ColorStartApplication for test class com.colorone.ColorStartApplicationTests
   ______      __           ____
  / ____/___  / /___  _____/ __ \____  ___
 / /   / __ \/ / __ \/ ___/ / / / __ \/ _ \
/ /___/ /_/ / / /_/ / /  / /_/ / / / /  __/
\____/\____/_/\____/_/   \____/_/ /_/\___/

              颜一简易管理系统
     自己保佑自己 永无BUG 永不宕机 稳如爱情

2023-06-20T16:08:17.294+08:00  INFO 20308 --- [           main] c.colorone.ColorStartApplicationTests    : Starting ColorStartApplicationTests using Java 17.0.3.1 with PID 20308 (started by admin in E:\_Work\_MyProgram\colorOne\20230616\back-end\colorOne\color-start)
2023-06-20T16:08:17.296+08:00  INFO 20308 --- [           main] c.colorone.ColorStartApplicationTests    : The following 1 profile is active: "dev"
 _ _   |_  _ _|_. ___ _ |    _ 
| | |\/|_)(_| | |_\  |_)||_|_\ 
     /               |         
                        3.5.3.1 
2023-06-20T16:08:18.950+08:00  INFO 20308 --- [           main] c.colorone.ColorStartApplicationTests    : Started ColorStartApplicationTests in 1.978 seconds (process running for 2.901)
]]></system-out>
  </testcase>
</testsuite>